override_dh_autoreconf dh_autoreconf
dh_autoreconf
override_dh_auto_configure dh_auto_configure
dh_auto_configure
dh_auto_build
override_dh_auto_test dh_auto_test
dh_auto_test
dh_prep
override_dh_auto_install dh_auto_install
dh_auto_install
dh_install
dh_installdocs
override_dh_installchangelogs dh_installchangelogs
dh_installchangelogs
dh_installman
dh_installmenu
dh_lintian
dh_icons
dh_perl
dh_link
dh_compress
override_dh_fixperms dh_fixperms
dh_fixperms
override_dh_strip dh_strip
dh_strip
dh_makeshlibs
dh_shlibdeps
dh_installdeb
dh_gencontrol
dh_md5sums
override_dh_builddeb dh_builddeb
override_dh_builddeb dh_builddeb
override_dh_builddeb dh_builddeb
override_dh_builddeb dh_builddeb
dh_builddeb
